<?xml version="1.0" encoding="UTF-8"?>
<!-- Generated by org.testng.reporters.JUnitReportReporter -->
<testsuite hostname="hp" failures="0" tests="1" name="waits.AmazonCarausal1" time="20.822" errors="1" timestamp="2023-05-01T15:36:33 IST" skipped="0">
  <testcase classname="waits.AmazonCarausal1" name="m1" time="20.822">
    <error message="element click intercepted: Element &lt;a class=&quot;a-link-normal&quot; href=&quot;/s?i=beauty&amp;amp;rh=n%3A9851597031%2Cp_36%3A9900-&amp;amp;fs=true&amp;amp;qid=1671597514&amp;amp;rnid=1318502031&amp;amp;ref=sr_nr_p_36_5&quot;&gt;...&lt;/a&gt; is not clickable at point (674, 351). Other element would receive the click: &lt;div id=&quot;desktop-grid-3&quot; data-gwi=&quot;{&amp;quot;visible&amp;quot;:&amp;quot;desktop-grid-3-visible&amp;quot;,&amp;quot;active&amp;quot;:&amp;quot;desktop-grid-3-active&amp;quot;}&quot; data-display-at=&quot;smws&quot; data-order-ws=&quot;3&quot; class=&quot;gw-col csm-placement-id-2d0cfbeb-d44b-4714-a8f2-7ca6da774005 desktop-gateway-atf_94601d5e-4901-4d1e-a27a-6dc58c71720c celwidget pd_rd_wg-Yz9V9 pd_rd_w-3Y24K pd_rd_r-4c765867-f258-405e-b7eb-e856b399b4ba&quot; data-order-sm=&quot;3&quot; data-pf_rd_p=&quot;2d0cfbeb-d44b-4714-a8f2-7ca6da774005&quot; data-pd_rd_wg=&quot;Yz9V9&quot; data-pd_rd_w=&quot;3Y24K&quot; data-pd_rd_r=&quot;4c765867-f258-405e-b7eb-e856b399b4ba&quot; data-ref_=&quot;pd_gw_unk&quot; data-csa-op-log-render=&quot;&quot; data-csa-c-type=&quot;widget&quot; data-csa-c-slot-id=&quot;desktop-grid-3&quot; data-csa-c-content-id=&quot;2d0cfbeb-d44b-4714-a8f2-7ca6da774005&quot; data-csa-c-id=&quot;pzlsyb-n440c1-rzn2s3-gqjce&quot; data-cel-widget=&quot;desktop-grid-3&quot;&gt;...&lt;/div&gt;
  (Session info: chrome=112.0.5615.138)
Build info: version: &#039;4.8.2&#039;, revision: &#039;826dbfc730&#039;
System info: os.name: &#039;Windows 11&#039;, os.arch: &#039;amd64&#039;, os.version: &#039;10.0&#039;, java.version: &#039;17.0.5&#039;
Driver info: org.openqa.selenium.chrome.ChromeDriver
Command: [16dbbb5ba5564f7f9615292244e2c81f, clickElement {id=40adc16a-8d74-4cd6-b4dc-b5e3719ec640}]
Capabilities {acceptInsecureCerts: false, browserName: chrome, browserVersion: 112.0.5615.138, chrome: {chromedriverVersion: 112.0.5615.49 (bd2a7bcb881c..., userDataDir: C:\Users\intel\AppData\Loca...}, goog:chromeOptions: {debuggerAddress: localhost:61912}, networkConnectionEnabled: false, pageLoadStrategy: normal, platformName: WINDOWS, proxy: Proxy(), se:cdp: ws://localhost:61912/devtoo..., se:cdpVersion: 112.0.5615.138, setWindowRect: true, strictFileInteractability: false, timeouts: {implicit: 0, pageLoad: 300000, script: 30000}, unhandledPromptBehavior: dismiss and notify, webauthn:extension:credBlob: true, webauthn:extension:largeBlob: true, webauthn:extension:minPinLength: true, webauthn:extension:prf: true, webauthn:virtualAuthenticators: true}
Element: [[ChromeDriver: chrome on WINDOWS (16dbbb5ba5564f7f9615292244e2c81f)] -&gt; xpath: (//*[@class=&#039;a-carousel-card&#039;]//*[@class=&#039;a-link-normal&#039;])[2]]
Session ID: 16dbbb5ba5564f7f9615292244e2c81f" type="org.openqa.selenium.ElementClickInterceptedException">
      <![CDATA[org.openqa.selenium.ElementClickInterceptedException: element click intercepted: Element <a class="a-link-normal" href="/s?i=beauty&amp;rh=n%3A9851597031%2Cp_36%3A9900-&amp;fs=true&amp;qid=1671597514&amp;rnid=1318502031&amp;ref=sr_nr_p_36_5">...</a> is not clickable at point (674, 351). Other element would receive the click: <div id="desktop-grid-3" data-gwi="{&quot;visible&quot;:&quot;desktop-grid-3-visible&quot;,&quot;active&quot;:&quot;desktop-grid-3-active&quot;}" data-display-at="smws" data-order-ws="3" class="gw-col csm-placement-id-2d0cfbeb-d44b-4714-a8f2-7ca6da774005 desktop-gateway-atf_94601d5e-4901-4d1e-a27a-6dc58c71720c celwidget pd_rd_wg-Yz9V9 pd_rd_w-3Y24K pd_rd_r-4c765867-f258-405e-b7eb-e856b399b4ba" data-order-sm="3" data-pf_rd_p="2d0cfbeb-d44b-4714-a8f2-7ca6da774005" data-pd_rd_wg="Yz9V9" data-pd_rd_w="3Y24K" data-pd_rd_r="4c765867-f258-405e-b7eb-e856b399b4ba" data-ref_="pd_gw_unk" data-csa-op-log-render="" data-csa-c-type="widget" data-csa-c-slot-id="desktop-grid-3" data-csa-c-content-id="2d0cfbeb-d44b-4714-a8f2-7ca6da774005" data-csa-c-id="pzlsyb-n440c1-rzn2s3-gqjce" data-cel-widget="desktop-grid-3">...</div>
  (Session info: chrome=112.0.5615.138)
Build info: version: '4.8.2', revision: '826dbfc730'
System info: os.name: 'Windows 11', os.arch: 'amd64', os.version: '10.0', java.version: '17.0.5'
Driver info: org.openqa.selenium.chrome.ChromeDriver
Command: [16dbbb5ba5564f7f9615292244e2c81f, clickElement {id=40adc16a-8d74-4cd6-b4dc-b5e3719ec640}]
Capabilities {acceptInsecureCerts: false, browserName: chrome, browserVersion: 112.0.5615.138, chrome: {chromedriverVersion: 112.0.5615.49 (bd2a7bcb881c..., userDataDir: C:\Users\intel\AppData\Loca...}, goog:chromeOptions: {debuggerAddress: localhost:61912}, networkConnectionEnabled: false, pageLoadStrategy: normal, platformName: WINDOWS, proxy: Proxy(), se:cdp: ws://localhost:61912/devtoo..., se:cdpVersion: 112.0.5615.138, setWindowRect: true, strictFileInteractability: false, timeouts: {implicit: 0, pageLoad: 300000, script: 30000}, unhandledPromptBehavior: dismiss and notify, webauthn:extension:credBlob: true, webauthn:extension:largeBlob: true, webauthn:extension:minPinLength: true, webauthn:extension:prf: true, webauthn:virtualAuthenticators: true}
Element: [[ChromeDriver: chrome on WINDOWS (16dbbb5ba5564f7f9615292244e2c81f)] -> xpath: (//*[@class='a-carousel-card']//*[@class='a-link-normal'])[2]]
Session ID: 16dbbb5ba5564f7f9615292244e2c81f
at java.base/jdk.internal.reflect.NativeConstructorAccessorImpl.newInstance0(Native Method)
at java.base/jdk.internal.reflect.NativeConstructorAccessorImpl.newInstance(NativeConstructorAccessorImpl.java:77)
at java.base/jdk.internal.reflect.DelegatingConstructorAccessorImpl.newInstance(DelegatingConstructorAccessorImpl.java:45)
at java.base/java.lang.reflect.Constructor.newInstanceWithCaller(Constructor.java:499)
at java.base/java.lang.reflect.Constructor.newInstance(Constructor.java:480)
at org.openqa.selenium.remote.codec.w3c.W3CHttpResponseCodec.createException(W3CHttpResponseCodec.java:200)
at org.openqa.selenium.remote.codec.w3c.W3CHttpResponseCodec.decode(W3CHttpResponseCodec.java:133)
at org.openqa.selenium.remote.codec.w3c.W3CHttpResponseCodec.decode(W3CHttpResponseCodec.java:53)
at org.openqa.selenium.remote.HttpCommandExecutor.execute(HttpCommandExecutor.java:193)
at org.openqa.selenium.remote.service.DriverCommandExecutor.invokeExecute(DriverCommandExecutor.java:183)
at org.openqa.selenium.remote.service.DriverCommandExecutor.execute(DriverCommandExecutor.java:158)
at org.openqa.selenium.remote.RemoteWebDriver.execute(RemoteWebDriver.java:543)
at org.openqa.selenium.remote.RemoteWebElement.execute(RemoteWebElement.java:257)
at org.openqa.selenium.remote.RemoteWebElement.click(RemoteWebElement.java:78)
at waits.AmazonCarausal1.m1(AmazonCarausal1.java:22)
at java.base/jdk.internal.reflect.NativeMethodAccessorImpl.invoke0(Native Method)
at java.base/jdk.internal.reflect.NativeMethodAccessorImpl.invoke(NativeMethodAccessorImpl.java:77)
at java.base/jdk.internal.reflect.DelegatingMethodAccessorImpl.invoke(DelegatingMethodAccessorImpl.java:43)
at java.base/java.lang.reflect.Method.invoke(Method.java:568)
at org.testng.internal.MethodInvocationHelper.invokeMethod(MethodInvocationHelper.java:133)
at org.testng.internal.TestInvoker.invokeMethod(TestInvoker.java:598)
at org.testng.internal.TestInvoker.invokeTestMethod(TestInvoker.java:173)
at org.testng.internal.MethodRunner.runInSequence(MethodRunner.java:46)
at org.testng.internal.TestInvoker$MethodInvocationAgent.invoke(TestInvoker.java:824)
at org.testng.internal.TestInvoker.invokeTestMethods(TestInvoker.java:146)
at org.testng.internal.TestMethodWorker.invokeTestMethods(TestMethodWorker.java:146)
at org.testng.internal.TestMethodWorker.run(TestMethodWorker.java:128)
at java.base/java.util.ArrayList.forEach(ArrayList.java:1511)
at org.testng.TestRunner.privateRun(TestRunner.java:794)
at org.testng.TestRunner.run(TestRunner.java:596)
at org.testng.SuiteRunner.runTest(SuiteRunner.java:377)
at org.testng.SuiteRunner.runSequentially(SuiteRunner.java:371)
at org.testng.SuiteRunner.privateRun(SuiteRunner.java:332)
at org.testng.SuiteRunner.run(SuiteRunner.java:276)
at org.testng.SuiteRunnerWorker.runSuite(SuiteRunnerWorker.java:53)
at org.testng.SuiteRunnerWorker.run(SuiteRunnerWorker.java:96)
at org.testng.TestNG.runSuitesSequentially(TestNG.java:1212)
at org.testng.TestNG.runSuitesLocally(TestNG.java:1134)
at org.testng.TestNG.runSuites(TestNG.java:1063)
at org.testng.TestNG.run(TestNG.java:1031)
at org.testng.remote.AbstractRemoteTestNG.run(AbstractRemoteTestNG.java:115)
at org.testng.remote.RemoteTestNG.initAndRun(RemoteTestNG.java:251)
at org.testng.remote.RemoteTestNG.main(RemoteTestNG.java:77)
]]>
    </error>
  </testcase> <!-- m1 -->
  <system-out/>
</testsuite> <!-- waits.AmazonCarausal1 -->
